d:\downloads\baseq3a-master\build\win32-msvc\win32\debug_game\vc143.pdb
d:\downloads\baseq3a-master\build\win32-msvc\win32\debug_game\vc143.idb
d:\downloads\baseq3a-master\build\win32-msvc\win32\debug_game\g_combat.obj
d:\downloads\baseq3a-master\build\win32-msvc\win32\debug_game\g_items.obj
d:\downloads\baseq3a-master\build\win32-msvc\win32\debug_game\g_main.obj
d:\downloads\baseq3a-master\build\win32-msvc\win32\debug_game\g_mem.obj
d:\downloads\baseq3a-master\build\win32-msvc\win32\debug_game\g_misc.obj
d:\downloads\baseq3a-master\build\win32-msvc\win32\debug_game\g_missile.obj
d:\downloads\baseq3a-master\build\win32-msvc\win32\debug_game\g_mover.obj
d:\downloads\baseq3a-master\build\win32-msvc\win32\debug_game\g_rotation.obj
d:\downloads\baseq3a-master\build\win32-msvc\win32\debug_game\g_session.obj
d:\downloads\baseq3a-master\build\win32-msvc\win32\debug_game\g_spawn.obj
d:\downloads\baseq3a-master\build\win32-msvc\win32\debug_game\g_svcmds.obj
d:\downloads\baseq3a-master\build\win32-msvc\win32\debug_game\g_syscalls.obj
d:\downloads\baseq3a-master\build\win32-msvc\win32\debug_game\g_target.obj
d:\downloads\baseq3a-master\build\win32-msvc\win32\debug_game\g_team.obj
d:\downloads\baseq3a-master\build\win32-msvc\win32\debug_game\g_trigger.obj
d:\downloads\baseq3a-master\build\win32-msvc\win32\debug_game\g_unlagged.obj
d:\downloads\baseq3a-master\build\win32-msvc\win32\debug_game\g_utils.obj
d:\downloads\baseq3a-master\build\win32-msvc\win32\debug_game\g_weapon.obj
d:\downloads\baseq3a-master\build\win32-msvc\win32\debug_game\q_math.obj
d:\downloads\baseq3a-master\build\win32-msvc\win32\debug_game\q_shared.obj
d:\downloads\baseq3a-master\build\win32-msvc\win32\debug_game\ai_chat.obj
d:\downloads\baseq3a-master\build\win32-msvc\win32\debug_game\ai_cmd.obj
d:\downloads\baseq3a-master\build\win32-msvc\win32\debug_game\ai_dmnet.obj
d:\downloads\baseq3a-master\build\win32-msvc\win32\debug_game\ai_dmq3.obj
d:\downloads\baseq3a-master\build\win32-msvc\win32\debug_game\ai_main.obj
d:\downloads\baseq3a-master\build\win32-msvc\win32\debug_game\ai_team.obj
d:\downloads\baseq3a-master\build\win32-msvc\win32\debug_game\ai_vcmd.obj
d:\downloads\baseq3a-master\build\win32-msvc\win32\debug_game\bg_misc.obj
d:\downloads\baseq3a-master\build\win32-msvc\win32\debug_game\bg_pmove.obj
d:\downloads\baseq3a-master\build\win32-msvc\win32\debug_game\bg_slidemove.obj
d:\downloads\baseq3a-master\build\win32-msvc\win32\debug_game\g_active.obj
d:\downloads\baseq3a-master\build\win32-msvc\win32\debug_game\g_arenas.obj
d:\downloads\baseq3a-master\build\win32-msvc\win32\debug_game\g_bot.obj
d:\downloads\baseq3a-master\build\win32-msvc\win32\debug_game\g_client.obj
d:\downloads\baseq3a-master\build\win32-msvc\win32\debug_game\g_cmds.obj
d:\downloads\baseq3a-master\build\win32-msvc\win32\debug\game.lib
d:\downloads\baseq3a-master\build\win32-msvc\win32\debug\game.exp
d:\downloads\baseq3a-master\build\win32-msvc\win32\debug_game\game.ilk
d:\downloads\baseq3a-master\build\win32-msvc\win32\debug_game\game.tlog\cl.command.1.tlog
d:\downloads\baseq3a-master\build\win32-msvc\win32\debug_game\game.tlog\cl.items.tlog
d:\downloads\baseq3a-master\build\win32-msvc\win32\debug_game\game.tlog\cl.read.1.tlog
d:\downloads\baseq3a-master\build\win32-msvc\win32\debug_game\game.tlog\cl.write.1.tlog
d:\downloads\baseq3a-master\build\win32-msvc\win32\debug_game\game.tlog\link.44208-cvtres.read.1.tlog
d:\downloads\baseq3a-master\build\win32-msvc\win32\debug_game\game.tlog\link.44208-cvtres.write.1.tlog
d:\downloads\baseq3a-master\build\win32-msvc\win32\debug_game\game.tlog\link.44208-rc.read.1.tlog
d:\downloads\baseq3a-master\build\win32-msvc\win32\debug_game\game.tlog\link.44208-rc.write.1.tlog
d:\downloads\baseq3a-master\build\win32-msvc\win32\debug_game\game.tlog\link.44208.read.1.tlog
d:\downloads\baseq3a-master\build\win32-msvc\win32\debug_game\game.tlog\link.44208.write.1.tlog
d:\downloads\baseq3a-master\build\win32-msvc\win32\debug_game\game.tlog\link.command.1.tlog
d:\downloads\baseq3a-master\build\win32-msvc\win32\debug_game\game.tlog\link.read.1.tlog
d:\downloads\baseq3a-master\build\win32-msvc\win32\debug_game\game.tlog\link.secondary.1.tlog
d:\downloads\baseq3a-master\build\win32-msvc\win32\debug_game\game.tlog\link.write.1.tlog
