d:\downloads\baseq3a-master\build\win32-msvc\win32\debug_q3_ui\vc143.pdb
d:\downloads\baseq3a-master\build\win32-msvc\win32\debug_q3_ui\vc143.idb
d:\downloads\baseq3a-master\build\win32-msvc\win32\debug_q3_ui\ui_playersettings.obj
d:\downloads\baseq3a-master\build\win32-msvc\win32\debug_q3_ui\ui_preferences.obj
d:\downloads\baseq3a-master\build\win32-msvc\win32\debug_q3_ui\ui_qmenu.obj
d:\downloads\baseq3a-master\build\win32-msvc\win32\debug_q3_ui\ui_removebots.obj
d:\downloads\baseq3a-master\build\win32-msvc\win32\debug_q3_ui\ui_saveconfig.obj
d:\downloads\baseq3a-master\build\win32-msvc\win32\debug_q3_ui\ui_serverinfo.obj
d:\downloads\baseq3a-master\build\win32-msvc\win32\debug_q3_ui\ui_servers2.obj
d:\downloads\baseq3a-master\build\win32-msvc\win32\debug_q3_ui\ui_setup.obj
d:\downloads\baseq3a-master\build\win32-msvc\win32\debug_q3_ui\ui_sound.obj
d:\downloads\baseq3a-master\build\win32-msvc\win32\debug_q3_ui\ui_sparena.obj
d:\downloads\baseq3a-master\build\win32-msvc\win32\debug_q3_ui\ui_specifyserver.obj
d:\downloads\baseq3a-master\build\win32-msvc\win32\debug_q3_ui\ui_splevel.obj
d:\downloads\baseq3a-master\build\win32-msvc\win32\debug_q3_ui\ui_sppostgame.obj
d:\downloads\baseq3a-master\build\win32-msvc\win32\debug_q3_ui\ui_spreset.obj
d:\downloads\baseq3a-master\build\win32-msvc\win32\debug_q3_ui\ui_spskill.obj
d:\downloads\baseq3a-master\build\win32-msvc\win32\debug_q3_ui\ui_startserver.obj
d:\downloads\baseq3a-master\build\win32-msvc\win32\debug_q3_ui\ui_syscalls.obj
d:\downloads\baseq3a-master\build\win32-msvc\win32\debug_q3_ui\ui_team.obj
d:\downloads\baseq3a-master\build\win32-msvc\win32\debug_q3_ui\ui_teamorders.obj
d:\downloads\baseq3a-master\build\win32-msvc\win32\debug_q3_ui\ui_video.obj
d:\downloads\baseq3a-master\build\win32-msvc\win32\debug_q3_ui\ui_atoms.obj
d:\downloads\baseq3a-master\build\win32-msvc\win32\debug_q3_ui\ui_cdkey.obj
d:\downloads\baseq3a-master\build\win32-msvc\win32\debug_q3_ui\ui_cinematics.obj
d:\downloads\baseq3a-master\build\win32-msvc\win32\debug_q3_ui\ui_confirm.obj
d:\downloads\baseq3a-master\build\win32-msvc\win32\debug_q3_ui\ui_connect.obj
d:\downloads\baseq3a-master\build\win32-msvc\win32\debug_q3_ui\ui_controls2.obj
d:\downloads\baseq3a-master\build\win32-msvc\win32\debug_q3_ui\ui_credits.obj
d:\downloads\baseq3a-master\build\win32-msvc\win32\debug_q3_ui\ui_demo2.obj
d:\downloads\baseq3a-master\build\win32-msvc\win32\debug_q3_ui\ui_display.obj
d:\downloads\baseq3a-master\build\win32-msvc\win32\debug_q3_ui\ui_gameinfo.obj
d:\downloads\baseq3a-master\build\win32-msvc\win32\debug_q3_ui\ui_ingame.obj
d:\downloads\baseq3a-master\build\win32-msvc\win32\debug_q3_ui\ui_loadconfig.obj
d:\downloads\baseq3a-master\build\win32-msvc\win32\debug_q3_ui\ui_main.obj
d:\downloads\baseq3a-master\build\win32-msvc\win32\debug_q3_ui\ui_menu.obj
d:\downloads\baseq3a-master\build\win32-msvc\win32\debug_q3_ui\ui_mfield.obj
d:\downloads\baseq3a-master\build\win32-msvc\win32\debug_q3_ui\ui_mods.obj
d:\downloads\baseq3a-master\build\win32-msvc\win32\debug_q3_ui\ui_network.obj
d:\downloads\baseq3a-master\build\win32-msvc\win32\debug_q3_ui\ui_options.obj
d:\downloads\baseq3a-master\build\win32-msvc\win32\debug_q3_ui\ui_playermodel.obj
d:\downloads\baseq3a-master\build\win32-msvc\win32\debug_q3_ui\ui_players.obj
d:\downloads\baseq3a-master\build\win32-msvc\win32\debug_q3_ui\bg_lib.obj
d:\downloads\baseq3a-master\build\win32-msvc\win32\debug_q3_ui\bg_misc.obj
d:\downloads\baseq3a-master\build\win32-msvc\win32\debug_q3_ui\q_math.obj
d:\downloads\baseq3a-master\build\win32-msvc\win32\debug_q3_ui\q_shared.obj
d:\downloads\baseq3a-master\build\win32-msvc\win32\debug_q3_ui\ui_addbots.obj
d:\downloads\baseq3a-master\build\win32-msvc\win32\debug\uix86.dll
d:\downloads\baseq3a-master\build\win32-msvc\win32\debug\q3_ui.pdb
d:\downloads\baseq3a-master\build\win32-msvc\win32\debug\q3_ui.lib
d:\downloads\baseq3a-master\build\win32-msvc\win32\debug\q3_ui.exp
d:\downloads\baseq3a-master\build\win32-msvc\win32\debug_q3_ui\q3_ui.ilk
d:\downloads\baseq3a-master\build\win32-msvc\win32\debug_q3_ui\q3_ui.tlog\cl.command.1.tlog
d:\downloads\baseq3a-master\build\win32-msvc\win32\debug_q3_ui\q3_ui.tlog\cl.items.tlog
d:\downloads\baseq3a-master\build\win32-msvc\win32\debug_q3_ui\q3_ui.tlog\cl.read.1.tlog
d:\downloads\baseq3a-master\build\win32-msvc\win32\debug_q3_ui\q3_ui.tlog\cl.write.1.tlog
d:\downloads\baseq3a-master\build\win32-msvc\win32\debug_q3_ui\q3_ui.tlog\link.command.1.tlog
d:\downloads\baseq3a-master\build\win32-msvc\win32\debug_q3_ui\q3_ui.tlog\link.read.1.tlog
d:\downloads\baseq3a-master\build\win32-msvc\win32\debug_q3_ui\q3_ui.tlog\link.secondary.1.tlog
d:\downloads\baseq3a-master\build\win32-msvc\win32\debug_q3_ui\q3_ui.tlog\link.write.1.tlog
