d:\downloads\baseq3a-master\build\win32-msvc\win32\debug_cgame\vc143.pdb
d:\downloads\baseq3a-master\build\win32-msvc\win32\debug_cgame\vc143.idb
d:\downloads\baseq3a-master\build\win32-msvc\win32\debug_cgame\cg_event.obj
d:\downloads\baseq3a-master\build\win32-msvc\win32\debug_cgame\cg_info.obj
d:\downloads\baseq3a-master\build\win32-msvc\win32\debug_cgame\cg_localents.obj
d:\downloads\baseq3a-master\build\win32-msvc\win32\debug_cgame\cg_main.obj
d:\downloads\baseq3a-master\build\win32-msvc\win32\debug_cgame\cg_marks.obj
d:\downloads\baseq3a-master\build\win32-msvc\win32\debug_cgame\cg_players.obj
d:\downloads\baseq3a-master\build\win32-msvc\win32\debug_cgame\cg_playerstate.obj
d:\downloads\baseq3a-master\build\win32-msvc\win32\debug_cgame\cg_predict.obj
d:\downloads\baseq3a-master\build\win32-msvc\win32\debug_cgame\cg_scoreboard.obj
d:\downloads\baseq3a-master\build\win32-msvc\win32\debug_cgame\cg_servercmds.obj
d:\downloads\baseq3a-master\build\win32-msvc\win32\debug_cgame\cg_snapshot.obj
d:\downloads\baseq3a-master\build\win32-msvc\win32\debug_cgame\cg_syscalls.obj
d:\downloads\baseq3a-master\build\win32-msvc\win32\debug_cgame\cg_view.obj
d:\downloads\baseq3a-master\build\win32-msvc\win32\debug_cgame\cg_weapons.obj
d:\downloads\baseq3a-master\build\win32-msvc\win32\debug_cgame\bg_lib.obj
d:\downloads\baseq3a-master\build\win32-msvc\win32\debug_cgame\bg_misc.obj
d:\downloads\baseq3a-master\build\win32-msvc\win32\debug_cgame\bg_pmove.obj
d:\downloads\baseq3a-master\build\win32-msvc\win32\debug_cgame\bg_slidemove.obj
d:\downloads\baseq3a-master\build\win32-msvc\win32\debug_cgame\q_math.obj
d:\downloads\baseq3a-master\build\win32-msvc\win32\debug_cgame\q_shared.obj
d:\downloads\baseq3a-master\build\win32-msvc\win32\debug_cgame\cg_consolecmds.obj
d:\downloads\baseq3a-master\build\win32-msvc\win32\debug_cgame\cg_draw.obj
d:\downloads\baseq3a-master\build\win32-msvc\win32\debug_cgame\cg_drawtools.obj
d:\downloads\baseq3a-master\build\win32-msvc\win32\debug_cgame\cg_effects.obj
d:\downloads\baseq3a-master\build\win32-msvc\win32\debug_cgame\cg_ents.obj
d:\downloads\baseq3a-master\build\win32-msvc\win32\debug\cgamex86.dll
d:\downloads\baseq3a-master\build\win32-msvc\win32\debug\cgame.pdb
d:\downloads\baseq3a-master\build\win32-msvc\win32\debug\cgame.lib
d:\downloads\baseq3a-master\build\win32-msvc\win32\debug\cgame.exp
d:\downloads\baseq3a-master\build\win32-msvc\win32\debug_cgame\cgame.ilk
d:\downloads\baseq3a-master\build\win32-msvc\win32\debug_cgame\cgame.tlog\cl.command.1.tlog
d:\downloads\baseq3a-master\build\win32-msvc\win32\debug_cgame\cgame.tlog\cl.items.tlog
d:\downloads\baseq3a-master\build\win32-msvc\win32\debug_cgame\cgame.tlog\cl.read.1.tlog
d:\downloads\baseq3a-master\build\win32-msvc\win32\debug_cgame\cgame.tlog\cl.write.1.tlog
d:\downloads\baseq3a-master\build\win32-msvc\win32\debug_cgame\cgame.tlog\link.command.1.tlog
d:\downloads\baseq3a-master\build\win32-msvc\win32\debug_cgame\cgame.tlog\link.read.1.tlog
d:\downloads\baseq3a-master\build\win32-msvc\win32\debug_cgame\cgame.tlog\link.secondary.1.tlog
d:\downloads\baseq3a-master\build\win32-msvc\win32\debug_cgame\cgame.tlog\link.write.1.tlog
